<?xml version="1.0" encoding="UTF-8"?>
<!-- Generated by org.testng.reporters.JUnitReportReporter -->
<testsuite hostname="DESKTOP-GP2AHTV" failures="0" tests="11" name="com.mindtree.runner.GiftRunner" time="3.773" errors="1" timestamp="2021-11-21T15:49:12 IST" skipped="10">
  <testcase classname="com.mindtree.runner.GiftRunner" name="initializeDriver" time="3.772">
    <error type="com.mindtree.exceptions.ApplicationException">
      <![CDATA[session not created: This version of ChromeDriver only supports Chrome version 94
Current browser version is 96.0.4664.45 with binary path C:\Program Files (x86)\Google\Chrome\Application\chrome.exe
Build info: version: '3.141.59', revision: 'e82be7d358', time: '2018-11-14T08:17:03'
System info: host: 'DESKTOP-GP2AHTV', ip: '192.168.1.36', os.name: 'Windows 10', os.arch: 'amd64', os.version: '10.0', java.version: '16.0.2'
Driver info: driver.version: ChromeDriver
remote stacktrace: Backtrace:
Ordinal0 [0x0090B9D3+2472403]
Ordinal0 [0x008A6961+2058593]
Ordinal0 [0x007B22B8+1057464]
Ordinal0 [0x007D03FA+1180666]
Ordinal0 [0x007CC2E5+1164005]
Ordinal0 [0x007C9B7F+1153919]
Ordinal0 [0x007F997F+1350015]
Ordinal0 [0x007F95EA+1349098]
Ordinal0 [0x007F545B+1332315]
Ordinal0 [0x007D1FB4+1187764]
Ordinal0 [0x007D2E09+1191433]
GetHandleVerifier [0x00A93396+1551078]
GetHandleVerifier [0x00B3D53A+2247818]
GetHandleVerifier [0x00997FBB+521995]
GetHandleVerifier [0x00997079+518089]
Ordinal0 [0x008ABD4D+2080077]
Ordinal0 [0x008AFC18+2096152]
Ordinal0 [0x008AFD52+2096466]
Ordinal0 [0x008B94B1+2135217]
BaseThreadInitThunk [0x7569FA29+25]
RtlGetAppContainerNamedObjectPath [0x77837A9E+286]
RtlGetAppContainerNamedObjectPath [0x77837A6E+238]

at com.mindtree.runner.GiftRunner.initializeDriver(GiftRunner.java:38)
at java.base/jdk.internal.reflect.NativeMethodAccessorImpl.invoke0(Native Method)
at java.base/jdk.internal.reflect.NativeMethodAccessorImpl.invoke(NativeMethodAccessorImpl.java:78)
at java.base/jdk.internal.reflect.DelegatingMethodAccessorImpl.invoke(DelegatingMethodAccessorImpl.java:43)
at java.base/java.lang.reflect.Method.invoke(Method.java:567)
at org.testng.internal.MethodInvocationHelper.invokeMethod(MethodInvocationHelper.java:133)
at org.testng.internal.MethodInvocationHelper.invokeMethodConsideringTimeout(MethodInvocationHelper.java:62)
at org.testng.internal.ConfigInvoker.invokeConfigurationMethod(ConfigInvoker.java:340)
at org.testng.internal.ConfigInvoker.invokeConfigurations(ConfigInvoker.java:294)
at org.testng.TestRunner.invokeTestConfigurations(TestRunner.java:623)
at org.testng.TestRunner.beforeRun(TestRunner.java:613)
at org.testng.TestRunner.run(TestRunner.java:584)
at org.testng.SuiteRunner.runTest(SuiteRunner.java:402)
at org.testng.SuiteRunner.runSequentially(SuiteRunner.java:396)
at org.testng.SuiteRunner.privateRun(SuiteRunner.java:355)
at org.testng.SuiteRunner.run(SuiteRunner.java:304)
at org.testng.SuiteRunnerWorker.runSuite(SuiteRunnerWorker.java:53)
at org.testng.SuiteRunnerWorker.run(SuiteRunnerWorker.java:96)
at org.testng.TestNG.runSuitesSequentially(TestNG.java:1180)
at org.testng.TestNG.runSuitesLocally(TestNG.java:1102)
at org.testng.TestNG.runSuites(TestNG.java:1032)
at org.testng.TestNG.run(TestNG.java:1000)
at org.testng.remote.AbstractRemoteTestNG.run(AbstractRemoteTestNG.java:115)
at org.testng.remote.RemoteTestNG.initAndRun(RemoteTestNG.java:251)
at org.testng.remote.RemoteTestNG.main(RemoteTestNG.java:77)
]]>
    </error>
  </testcase> <!-- initializeDriver -->
  <testcase classname="com.mindtree.runner.GiftRunner" name="validateTitle" time="0.000">
    <skipped/>
  </testcase> <!-- validateTitle -->
  <testcase classname="com.mindtree.runner.GiftRunner" name="LogIn" time="0.001">
    <skipped/>
  </testcase> <!-- LogIn -->
  <testcase classname="com.mindtree.runner.GiftRunner" name="PersonalizeGift" time="0.000">
    <skipped/>
  </testcase> <!-- PersonalizeGift -->
  <testcase classname="com.mindtree.runner.GiftRunner" name="WhtsNewGift" time="0.000">
    <skipped/>
  </testcase> <!-- WhtsNewGift -->
  <testcase classname="com.mindtree.runner.GiftRunner" name="ChristmasGift" time="0.000">
    <skipped/>
  </testcase> <!-- ChristmasGift -->
  <testcase classname="com.mindtree.runner.GiftRunner" name="SecretSantaGift" time="0.000">
    <skipped/>
  </testcase> <!-- SecretSantaGift -->
  <testcase classname="com.mindtree.runner.GiftRunner" name="homeDecor" time="0.000">
    <skipped/>
  </testcase> <!-- homeDecor -->
  <testcase classname="com.mindtree.runner.GiftRunner" name="Gifts" time="0.000">
    <skipped/>
  </testcase> <!-- Gifts -->
  <testcase classname="com.mindtree.runner.GiftRunner" name="cropDetailSubmit" time="0.000">
    <skipped/>
  </testcase> <!-- cropDetailSubmit -->
  <testcase classname="com.mindtree.runner.GiftRunner" name="cartValidate" time="0.000">
    <skipped/>
  </testcase> <!-- cartValidate -->
</testsuite> <!-- com.mindtree.runner.GiftRunner -->
